<?xml version="1.0" encoding="UTF-8"?>
<robot generator="Robot 7.0.1 (Python 3.9.13 on win32)" generated="2024-08-14T20:57:49.018739" rpa="false" schemaversion="5">
<suite id="s1" name="Suite 1" source="C:\Users\Denis\YandexDisk\Python\NORFAB\tests\nf_tests_inventory\robot\suite_1.robot">
<test id="s1-t1" name="Run Tests" line="5">
<kw name="Hosts" owner="norfab.clients.robot_client.NorFabRobot">
<arg>FB=*spine*</arg>
<doc>Collect hosts to target</doc>
<status status="PASS" start="2024-08-14T20:57:51.904983" elapsed="0.000993"/>
</kw>
<kw name="nr.test" owner="norfab.clients.robot_client.NorFabRobot">
<msg time="2024-08-14T20:57:51.905976" level="INFO">Running nr.test with kwargs '{'suite': 'nf://nornir_test_suites/suite_1.txt', 'FB': '*spine*', 'remove_tasks': False, 'add_details': True, 'return_tests_suite': True, 'to_dict': False}', global DATA '{}'</msg>
<msg time="2024-08-14T20:57:52.773374" level="INFO" html="true">nornir-worker-1 worker, ceos-spine-1 test "check ceos version" - &lt;span style="background-color: #97BD61"&gt;success&lt;/span&gt;</msg>
<msg time="2024-08-14T20:57:52.773374" level="ERROR" html="true">nornir-worker-1 worker, ceos-spine-1 test "check NTP status" - &lt;span style="background-color: #CE3E01"&gt;"Pattern not in output"&lt;/span&gt;</msg>
<msg time="2024-08-14T20:57:52.773374" level="INFO" html="true">nornir-worker-1 worker, ceos-spine-2 test "check ceos version" - &lt;span style="background-color: #97BD61"&gt;success&lt;/span&gt;</msg>
<msg time="2024-08-14T20:57:52.773374" level="ERROR" html="true">nornir-worker-1 worker, ceos-spine-2 test "check NTP status" - &lt;span style="background-color: #CE3E01"&gt;"Pattern not in output"&lt;/span&gt;</msg>
<msg time="2024-08-14T20:57:52.777879" level="INFO" html="true">&lt;details&gt;&lt;summary&gt;Workers results&lt;/summary&gt;{'nornir-worker-1': {'results': [{'changed': False,
                                  'connection_retry': 0,
                                  'diff': '',
                                  'exception': None,
                                  'failed': False,
                                  'host': 'ceos-spine-1',
                                  'name': 'show version',
                                  'result': 'Arista cEOSLab\n'
                                            'Hardware version: \n'
                                            'Serial number: '
                                            '72CA9621B05DE0B1C4CA3DAA1B6FF514\n'
                                            'Hardware MAC address: '
                                            '001c.7362.0961\n'
                                            'System MAC address: '
                                            '001c.7362.0961\n'
                                            '\n'
                                            'Software image version: '
                                            '4.30.0F-31408673.4300F '
                                            '(engineering build)\n'
                                            'Architecture: x86_64\n'
                                            'Internal build version: '
                                            '4.30.0F-31408673.4300F\n'
                                            'Internal build ID: '
                                            'a35f0dc7-2d65-4f2a-a010-279cf445fd8c\n'
                                            'Image format version: 1.0\n'
                                            'Image optimization: None\n'
                                            '\n'
                                            'cEOS tools version: (unknown)\n'
                                            'Kernel version: '
                                            '5.15.0-112-generic\n'
                                            '\n'
                                            'Uptime: 1 hour and 14 minutes\n'
                                            'Total memory: 16336776 kB\n'
                                            'Free memory: 6816068 kB\n',
                                  'task_retry': 0},
                                 {'changed': False,
                                  'connection_retry': 0,
                                  'diff': '',
                                  'exception': None,
                                  'failed': False,
                                  'host': 'ceos-spine-1',
                                  'name': 'show ntp associations',
                                  'result': 'NTP is disabled.\n'
                                            '     remote          refid      '
                                            'st t when  poll reach   delay   '
                                            'offset  jitter\n'
                                            '==============================================================================',
                                  'task_retry': 0},
                                 {'changed': False,
                                  'connection_retry': 0,
                                  'criteria': 'cEOS',
                                  'diff': '',
                                  'exception': None,
                                  'failed': False,
                                  'host': 'ceos-spine-1',
                                  'name': 'check ceos version',
                                  'result': 'PASS',
                                  'success': True,
                                  'task': 'show version',
                                  'task_retry': 0,
                                  'test': 'contains'},
                                 {'changed': False,
                                  'connection_retry': 0,
                                  'criteria': '1.1.1.1',
                                  'diff': '',
                                  'exception': 'Pattern not in output',
                                  'failed': True,
                                  'host': 'ceos-spine-1',
                                  'name': 'check NTP status',
                                  'result': 'FAIL',
                                  'success': False,
                                  'task': 'show ntp associations',
                                  'task_retry': 0,
                                  'test': 'contains_lines'},
                                 {'changed': False,
                                  'connection_retry': 0,
                                  'diff': '',
                                  'exception': None,
                                  'failed': False,
                                  'host': 'ceos-spine-2',
                                  'name': 'show version',
                                  'result': 'Arista cEOSLab\n'
                                            'Hardware version: \n'
                                            'Serial number: '
                                            'C5F607650D8A0AD8EC79C050C6564F1B\n'
                                            'Hardware MAC address: '
                                            '001c.7334.9a0b\n'
                                            'System MAC address: '
                                            '001c.7334.9a0b\n'
                                            '\n'
                                            'Software image version: '
                                            '4.30.0F-31408673.4300F '
                                            '(engineering build)\n'
                                            'Architecture: x86_64\n'
                                            'Internal build version: '
                                            '4.30.0F-31408673.4300F\n'
                                            'Internal build ID: '
                                            'a35f0dc7-2d65-4f2a-a010-279cf445fd8c\n'
                                            'Image format version: 1.0\n'
                                            'Image optimization: None\n'
                                            '\n'
                                            'cEOS tools version: (unknown)\n'
                                            'Kernel version: '
                                            '5.15.0-112-generic\n'
                                            '\n'
                                            'Uptime: 1 hour and 14 minutes\n'
                                            'Total memory: 16336776 kB\n'
                                            'Free memory: 6815816 kB\n',
                                  'task_retry': 0},
                                 {'changed': False,
                                  'connection_retry': 0,
                                  'diff': '',
                                  'exception': None,
                                  'failed': False,
                                  'host': 'ceos-spine-2',
                                  'name': 'show ntp associations',
                                  'result': 'NTP is disabled.\n'
                                            '     remote          refid      '
                                            'st t when  poll reach   delay   '
                                            'offset  jitter\n'
                                            '==============================================================================',
                                  'task_retry': 0},
                                 {'changed': False,
                                  'connection_retry': 0,
                                  'criteria': 'cEOS',
                                  'diff': '',
                                  'exception': None,
                                  'failed': False,
                                  'host': 'ceos-spine-2',
                                  'name': 'check ceos version',
                                  'result': 'PASS',
                                  'success': True,
                                  'task': 'show version',
                                  'task_retry': 0,
                                  'test': 'contains'},
                                 {'changed': False,
                                  'connection_retry': 0,
                                  'criteria': '1.1.1.1',
                                  'diff': '',
                                  'exception': 'Pattern not in output',
                                  'failed': True,
                                  'host': 'ceos-spine-2',
                                  'name': 'check NTP status',
                                  'result': 'FAIL',
                                  'success': False,
                                  'task': 'show ntp associations',
                                  'task_retry': 0,
                                  'test': 'contains_lines'}],
                     'suite': {'ceos-spine-1': [{'name': 'check ceos version',
                                                 'pattern': 'cEOS',
                                                 'task': 'show version',
                                                 'test': 'contains'},
                                                {'name': 'check NTP status',
                                                 'pattern': ['1.1.1.1'],
                                                 'task': 'show ntp '
                                                         'associations',
                                                 'test': 'contains_lines'}],
                               'ceos-spine-2': [{'name': 'check ceos version',
                                                 'pattern': 'cEOS',
                                                 'task': 'show version',
                                                 'test': 'contains'},
                                                {'name': 'check NTP status',
                                                 'pattern': ['1.1.1.1'],
                                                 'task': 'show ntp '
                                                         'associations',
                                                 'test': 'contains_lines'}]}},
 'nornir-worker-2': {'results': [], 'suite': {}},
 'nornir-worker-4': {'results': [], 'suite': {}}}&lt;/details&gt;</msg>
<msg time="2024-08-14T20:57:52.777879" level="INFO" html="true">&lt;details&gt;&lt;summary&gt;Test suite results details&lt;/summary&gt;&lt;p&gt;&lt;table&gt;
&lt;thead&gt;
&lt;tr&gt;&lt;th&gt;worker         &lt;/th&gt;&lt;th&gt;host        &lt;/th&gt;&lt;th&gt;name              &lt;/th&gt;&lt;th&gt;result  &lt;/th&gt;&lt;th&gt;failed  &lt;/th&gt;&lt;th&gt;task                 &lt;/th&gt;&lt;th&gt;test          &lt;/th&gt;&lt;th&gt;criteria  &lt;/th&gt;&lt;th&gt;exception            &lt;/th&gt;&lt;/tr&gt;
&lt;/thead&gt;
&lt;tbody&gt;
&lt;tr&gt;&lt;td&gt;nornir-worker-1&lt;/td&gt;&lt;td&gt;ceos-spine-1&lt;/td&gt;&lt;td&gt;check ceos version&lt;/td&gt;&lt;td&gt;PASS    &lt;/td&gt;&lt;td&gt;False   &lt;/td&gt;&lt;td&gt;show version         &lt;/td&gt;&lt;td&gt;contains      &lt;/td&gt;&lt;td&gt;cEOS      &lt;/td&gt;&lt;td&gt;                     &lt;/td&gt;&lt;/tr&gt;
&lt;tr&gt;&lt;td&gt;nornir-worker-1&lt;/td&gt;&lt;td&gt;ceos-spine-1&lt;/td&gt;&lt;td&gt;check NTP status  &lt;/td&gt;&lt;td&gt;FAIL    &lt;/td&gt;&lt;td&gt;True    &lt;/td&gt;&lt;td&gt;show ntp associations&lt;/td&gt;&lt;td&gt;contains_lines&lt;/td&gt;&lt;td&gt;1.1.1.1   &lt;/td&gt;&lt;td&gt;Pattern not in output&lt;/td&gt;&lt;/tr&gt;
&lt;tr&gt;&lt;td&gt;nornir-worker-1&lt;/td&gt;&lt;td&gt;ceos-spine-2&lt;/td&gt;&lt;td&gt;check ceos version&lt;/td&gt;&lt;td&gt;PASS    &lt;/td&gt;&lt;td&gt;False   &lt;/td&gt;&lt;td&gt;show version         &lt;/td&gt;&lt;td&gt;contains      &lt;/td&gt;&lt;td&gt;cEOS      &lt;/td&gt;&lt;td&gt;                     &lt;/td&gt;&lt;/tr&gt;
&lt;tr&gt;&lt;td&gt;nornir-worker-1&lt;/td&gt;&lt;td&gt;ceos-spine-2&lt;/td&gt;&lt;td&gt;check NTP status  &lt;/td&gt;&lt;td&gt;FAIL    &lt;/td&gt;&lt;td&gt;True    &lt;/td&gt;&lt;td&gt;show ntp associations&lt;/td&gt;&lt;td&gt;contains_lines&lt;/td&gt;&lt;td&gt;1.1.1.1   &lt;/td&gt;&lt;td&gt;Pattern not in output&lt;/td&gt;&lt;/tr&gt;
&lt;/tbody&gt;
&lt;/table&gt;&lt;/p&gt;&lt;/details&gt;</msg>
<msg time="2024-08-14T20:57:52.777879" level="INFO" html="true">&lt;details&gt;&lt;summary&gt;Test suite results CSV table&lt;/summary&gt;&lt;p&gt;"worker","host","name","result","failed","task","test","criteria","exception"
"nornir-worker-1","ceos-spine-1","check ceos version","PASS","False","show version","contains","cEOS","None"
"nornir-worker-1","ceos-spine-1","check NTP status","FAIL","True","show ntp associations","contains_lines","1.1.1.1","Pattern not in output"
"nornir-worker-1","ceos-spine-2","check ceos version","PASS","False","show version","contains","cEOS","None"
"nornir-worker-1","ceos-spine-2","check NTP status","FAIL","True","show ntp associations","contains_lines","1.1.1.1","Pattern not in output"&lt;/p&gt;&lt;/details&gt;</msg>
<msg time="2024-08-14T20:57:52.777879" level="INFO" html="true">&lt;details&gt;&lt;summary&gt;Devices tests suites content&lt;/summary&gt;&lt;p&gt;&lt;details&gt;&lt;summary&gt;ceos-spine-1 (2 tests)&lt;/summary&gt;&lt;p style="margin-left:20px;"&gt;- name: check ceos version
  pattern: cEOS
  task: show version
  test: contains
- name: check NTP status
  pattern:
  - 1.1.1.1
  task: show ntp associations
  test: contains_lines
&lt;/p&gt;&lt;/details&gt;&lt;/p&gt;&lt;p&gt;&lt;details&gt;&lt;summary&gt;ceos-spine-2 (2 tests)&lt;/summary&gt;&lt;p style="margin-left:20px;"&gt;- name: check ceos version
  pattern: cEOS
  task: show version
  test: contains
- name: check NTP status
  pattern:
  - 1.1.1.1
  task: show ntp associations
  test: contains_lines
&lt;/p&gt;&lt;/details&gt;&lt;/p&gt;&lt;/details&gt;</msg>
<msg time="2024-08-14T20:57:52.777879" level="INFO" html="true">&lt;details&gt;&lt;summary&gt;Collected devices output&lt;/summary&gt;&lt;p&gt;&lt;details&gt;&lt;summary&gt;ceos-spine-1 (2 commands)&lt;/summary&gt;&lt;p&gt;&lt;p&gt;&lt;details style="margin-left:20px;"&gt;&lt;summary&gt;show version&lt;/summary&gt;&lt;p style="margin-left:20px;"&gt;&lt;font face="courier new"&gt;Arista cEOSLab
Hardware version: 
Serial number: 72CA9621B05DE0B1C4CA3DAA1B6FF514
Hardware MAC address: 001c.7362.0961
System MAC address: 001c.7362.0961

Software image version: 4.30.0F-31408673.4300F (engineering build)
Architecture: x86_64
Internal build version: 4.30.0F-31408673.4300F
Internal build ID: a35f0dc7-2d65-4f2a-a010-279cf445fd8c
Image format version: 1.0
Image optimization: None

cEOS tools version: (unknown)
Kernel version: 5.15.0-112-generic

Uptime: 1 hour and 14 minutes
Total memory: 16336776 kB
Free memory: 6816068 kB
&lt;/font&gt;&lt;/p&gt;&lt;/details&gt;&lt;/p&gt;&lt;p&gt;&lt;details style="margin-left:20px;"&gt;&lt;summary&gt;show ntp associations&lt;/summary&gt;&lt;p style="margin-left:20px;"&gt;&lt;font face="courier new"&gt;NTP is disabled.
     remote          refid      st t when  poll reach   delay   offset  jitter
==============================================================================&lt;/font&gt;&lt;/p&gt;&lt;/details&gt;&lt;/p&gt;&lt;/p&gt;&lt;/details&gt;&lt;/p&gt;&lt;p&gt;&lt;details&gt;&lt;summary&gt;ceos-spine-2 (2 commands)&lt;/summary&gt;&lt;p&gt;&lt;p&gt;&lt;details style="margin-left:20px;"&gt;&lt;summary&gt;show version&lt;/summary&gt;&lt;p style="margin-left:20px;"&gt;&lt;font face="courier new"&gt;Arista cEOSLab
Hardware version: 
Serial number: C5F607650D8A0AD8EC79C050C6564F1B
Hardware MAC address: 001c.7334.9a0b
System MAC address: 001c.7334.9a0b

Software image version: 4.30.0F-31408673.4300F (engineering build)
Architecture: x86_64
Internal build version: 4.30.0F-31408673.4300F
Internal build ID: a35f0dc7-2d65-4f2a-a010-279cf445fd8c
Image format version: 1.0
Image optimization: None

cEOS tools version: (unknown)
Kernel version: 5.15.0-112-generic

Uptime: 1 hour and 14 minutes
Total memory: 16336776 kB
Free memory: 6815816 kB
&lt;/font&gt;&lt;/p&gt;&lt;/details&gt;&lt;/p&gt;&lt;p&gt;&lt;details style="margin-left:20px;"&gt;&lt;summary&gt;show ntp associations&lt;/summary&gt;&lt;p style="margin-left:20px;"&gt;&lt;font face="courier new"&gt;NTP is disabled.
     remote          refid      st t when  poll reach   delay   offset  jitter
==============================================================================&lt;/font&gt;&lt;/p&gt;&lt;/details&gt;&lt;/p&gt;&lt;/p&gt;&lt;/details&gt;&lt;/p&gt;&lt;/details&gt;</msg>
<msg time="2024-08-14T20:57:52.777879" level="INFO" html="true">Tests completed - 4, &lt;span style="background-color: #97BD61"&gt;success - 2&lt;/span&gt;, &lt;span style="background-color: #CE3E01"&gt;failed - 2&lt;/span&gt;</msg>
<msg time="2024-08-14T20:57:52.777879" level="FAIL">Tests failed</msg>
<arg>suite=nf://nornir_test_suites/suite_1.txt</arg>
<doc>Run nr.test  task</doc>
<status status="FAIL" start="2024-08-14T20:57:51.905976" elapsed="0.871903">Tests failed</status>
</kw>
<status status="FAIL" start="2024-08-14T20:57:51.904983" elapsed="0.873894">Tests failed</status>
</test>
<status status="FAIL" start="2024-08-14T20:57:49.019772" elapsed="3.759105"/>
</suite>
<statistics>
<total>
<stat pass="0" fail="1" skip="0">All Tests</stat>
</total>
<tag>
</tag>
<suite>
<stat pass="0" fail="1" skip="0" id="s1" name="Suite 1">Suite 1</stat>
</suite>
</statistics>
<errors>
<msg time="2024-08-14T20:57:50.039184" level="ERROR">C:\Users\Denis\YandexDisk\Python\NORFAB\tests\nf_tests_inventory\nornir/nornir-worker-3-non-existing-data.yaml - file not found</msg>
<msg time="2024-08-14T20:57:50.039184" level="ERROR">'nornir-worker-3' - failed to start worker, inventory file not found 'C:\Users\Denis\YandexDisk\Python\NORFAB\tests\nf_tests_inventory\nornir/nornir-worker-3-non-existing-data.yaml'</msg>
<msg time="2024-08-14T20:57:52.773374" level="ERROR" html="true">nornir-worker-1 worker, ceos-spine-1 test "check NTP status" - &lt;span style="background-color: #CE3E01"&gt;"Pattern not in output"&lt;/span&gt;</msg>
<msg time="2024-08-14T20:57:52.773374" level="ERROR" html="true">nornir-worker-1 worker, ceos-spine-2 test "check NTP status" - &lt;span style="background-color: #CE3E01"&gt;"Pattern not in output"&lt;/span&gt;</msg>
</errors>
</robot>
